Build output check failed:
    Regex: 'command[- ]line option .* is valid for .* but not for C'
    Output line: 'cc1: warning: command-line option ‘-Wnon-virtual-dtor’ is valid for C++/ObjC++ but not for C'
Compilation failed:
    source file: '/home/thatchaoskid/Desktop/final_qub_project/build/CMakeFiles/CMakeTmp/src.c'
    check option: ' -fsigned-char -W -Wall -Wreturn-type  -Wnon-virtual-dtor'
===== BUILD LOG =====
Change Dir: '/home/thatchaoskid/Desktop/final_qub_project/build/CMakeFiles/CMakeTmp'

Run Build Command(s): /usr/bin/cmake -E env VERBOSE=1 /usr/bin/gmake -f Makefile cmTC_249f9/fast
/usr/bin/gmake  -f CMakeFiles/cmTC_249f9.dir/build.make CMakeFiles/cmTC_249f9.dir/build
gmake[1]: Entering directory '/home/thatchaoskid/Desktop/final_qub_project/build/CMakeFiles/CMakeTmp'
Building C object CMakeFiles/cmTC_249f9.dir/src.c.o
/usr/bin/cc   -O3 -DNDEBUG -fPIE    -fsigned-char -W -Wall -Wreturn-type  -Wnon-virtual-dtor -o CMakeFiles/cmTC_249f9.dir/src.c.o -c /home/thatchaoskid/Desktop/final_qub_project/build/CMakeFiles/CMakeTmp/src.c
cc1: warning: command-line option ‘-Wnon-virtual-dtor’ is valid for C++/ObjC++ but not for C
/home/thatchaoskid/Desktop/final_qub_project/build/CMakeFiles/CMakeTmp/src.c:1: warning: ignoring ‘#pragma  ’ [-Wunknown-pragmas]
    1 | #pragma
      | 
Linking C executable cmTC_249f9
/usr/bin/cmake -E cmake_link_script CMakeFiles/cmTC_249f9.dir/link.txt --verbose=1
/usr/bin/cc -O3 -DNDEBUG CMakeFiles/cmTC_249f9.dir/src.c.o -o cmTC_249f9 
gmake[1]: Leaving directory '/home/thatchaoskid/Desktop/final_qub_project/build/CMakeFiles/CMakeTmp'


===== END =====

Build output check failed:
    Regex: 'command[- ]line option .* is valid for .* but not for C\+\+'
    Output line: 'cc1plus: warning: command-line option ‘-Wmissing-prototypes’ is valid for C/ObjC but not for C++'
Compilation failed:
    source file: '/home/thatchaoskid/Desktop/final_qub_project/build/CMakeFiles/CMakeTmp/src.cxx'
    check option: ' -fsigned-char -W -Wall -Wreturn-type -Wnon-virtual-dtor -Waddress -Wsequence-point -Wformat -Wformat-security -Wmissing-declarations  -Wmissing-prototypes'
===== BUILD LOG =====
Change Dir: '/home/thatchaoskid/Desktop/final_qub_project/build/CMakeFiles/CMakeTmp'

Run Build Command(s): /usr/bin/cmake -E env VERBOSE=1 /usr/bin/gmake -f Makefile cmTC_95a18/fast
/usr/bin/gmake  -f CMakeFiles/cmTC_95a18.dir/build.make CMakeFiles/cmTC_95a18.dir/build
gmake[1]: Entering directory '/home/thatchaoskid/Desktop/final_qub_project/build/CMakeFiles/CMakeTmp'
Building CXX object CMakeFiles/cmTC_95a18.dir/src.cxx.o
/usr/bin/c++   -O3 -DNDEBUG -std=c++11 -fPIE    -fsigned-char -W -Wall -Wreturn-type -Wnon-virtual-dtor -Waddress -Wsequence-point -Wformat -Wformat-security -Wmissing-declarations  -Wmissing-prototypes -o CMakeFiles/cmTC_95a18.dir/src.cxx.o -c /home/thatchaoskid/Desktop/final_qub_project/build/CMakeFiles/CMakeTmp/src.cxx
cc1plus: warning: command-line option ‘-Wmissing-prototypes’ is valid for C/ObjC but not for C++
/home/thatchaoskid/Desktop/final_qub_project/build/CMakeFiles/CMakeTmp/src.cxx:1: warning: ignoring ‘#pragma  ’ [-Wunknown-pragmas]
    1 | #pragma
      | 
Linking CXX executable cmTC_95a18
/usr/bin/cmake -E cmake_link_script CMakeFiles/cmTC_95a18.dir/link.txt --verbose=1
/usr/bin/c++ -O3 -DNDEBUG CMakeFiles/cmTC_95a18.dir/src.cxx.o -o cmTC_95a18 
gmake[1]: Leaving directory '/home/thatchaoskid/Desktop/final_qub_project/build/CMakeFiles/CMakeTmp'


===== END =====

Build output check failed:
    Regex: 'command[- ]line option .* is valid for .* but not for C\+\+'
    Output line: 'cc1plus: warning: command-line option ‘-Wstrict-prototypes’ is valid for C/ObjC but not for C++'
Compilation failed:
    source file: '/home/thatchaoskid/Desktop/final_qub_project/build/CMakeFiles/CMakeTmp/src.cxx'
    check option: ' -fsigned-char -W -Wall -Wreturn-type -Wnon-virtual-dtor -Waddress -Wsequence-point -Wformat -Wformat-security -Wmissing-declarations  -Wstrict-prototypes'
===== BUILD LOG =====
Change Dir: '/home/thatchaoskid/Desktop/final_qub_project/build/CMakeFiles/CMakeTmp'

Run Build Command(s): /usr/bin/cmake -E env VERBOSE=1 /usr/bin/gmake -f Makefile cmTC_13e89/fast
/usr/bin/gmake  -f CMakeFiles/cmTC_13e89.dir/build.make CMakeFiles/cmTC_13e89.dir/build
gmake[1]: Entering directory '/home/thatchaoskid/Desktop/final_qub_project/build/CMakeFiles/CMakeTmp'
Building CXX object CMakeFiles/cmTC_13e89.dir/src.cxx.o
/usr/bin/c++   -O3 -DNDEBUG -std=c++11 -fPIE    -fsigned-char -W -Wall -Wreturn-type -Wnon-virtual-dtor -Waddress -Wsequence-point -Wformat -Wformat-security -Wmissing-declarations  -Wstrict-prototypes -o CMakeFiles/cmTC_13e89.dir/src.cxx.o -c /home/thatchaoskid/Desktop/final_qub_project/build/CMakeFiles/CMakeTmp/src.cxx
cc1plus: warning: command-line option ‘-Wstrict-prototypes’ is valid for C/ObjC but not for C++
/home/thatchaoskid/Desktop/final_qub_project/build/CMakeFiles/CMakeTmp/src.cxx:1: warning: ignoring ‘#pragma  ’ [-Wunknown-pragmas]
    1 | #pragma
      | 
Linking CXX executable cmTC_13e89
/usr/bin/cmake -E cmake_link_script CMakeFiles/cmTC_13e89.dir/link.txt --verbose=1
/usr/bin/c++ -O3 -DNDEBUG CMakeFiles/cmTC_13e89.dir/src.cxx.o -o cmTC_13e89 
gmake[1]: Leaving directory '/home/thatchaoskid/Desktop/final_qub_project/build/CMakeFiles/CMakeTmp'


===== END =====

Build output check failed:
    Regex: 'command[- ]line option .* is valid for .* but not for C'
    Output line: 'cc1: warning: command-line option ‘-Wsign-promo’ is valid for C++/ObjC++ but not for C'
Compilation failed:
    source file: '/home/thatchaoskid/Desktop/final_qub_project/build/CMakeFiles/CMakeTmp/src.c'
    check option: ' -fsigned-char -W -Wall -Wreturn-type -Waddress -Wsequence-point -Wformat -Wformat-security -Wmissing-declarations -Wmissing-prototypes -Wstrict-prototypes -Wundef -Winit-self -Wpointer-arith -Wshadow  -Wsign-promo'
===== BUILD LOG =====
Change Dir: '/home/thatchaoskid/Desktop/final_qub_project/build/CMakeFiles/CMakeTmp'

Run Build Command(s): /usr/bin/cmake -E env VERBOSE=1 /usr/bin/gmake -f Makefile cmTC_3c70f/fast
/usr/bin/gmake  -f CMakeFiles/cmTC_3c70f.dir/build.make CMakeFiles/cmTC_3c70f.dir/build
gmake[1]: Entering directory '/home/thatchaoskid/Desktop/final_qub_project/build/CMakeFiles/CMakeTmp'
Building C object CMakeFiles/cmTC_3c70f.dir/src.c.o
/usr/bin/cc   -O3 -DNDEBUG -fPIE    -fsigned-char -W -Wall -Wreturn-type -Waddress -Wsequence-point -Wformat -Wformat-security -Wmissing-declarations -Wmissing-prototypes -Wstrict-prototypes -Wundef -Winit-self -Wpointer-arith -Wshadow  -Wsign-promo -o CMakeFiles/cmTC_3c70f.dir/src.c.o -c /home/thatchaoskid/Desktop/final_qub_project/build/CMakeFiles/CMakeTmp/src.c
cc1: warning: command-line option ‘-Wsign-promo’ is valid for C++/ObjC++ but not for C
/home/thatchaoskid/Desktop/final_qub_project/build/CMakeFiles/CMakeTmp/src.c:1: warning: ignoring ‘#pragma  ’ [-Wunknown-pragmas]
    1 | #pragma
      | 
Linking C executable cmTC_3c70f
/usr/bin/cmake -E cmake_link_script CMakeFiles/cmTC_3c70f.dir/link.txt --verbose=1
/usr/bin/cc -O3 -DNDEBUG CMakeFiles/cmTC_3c70f.dir/src.c.o -o cmTC_3c70f 
gmake[1]: Leaving directory '/home/thatchaoskid/Desktop/final_qub_project/build/CMakeFiles/CMakeTmp'


===== END =====

Build output check failed:
    Regex: 'command[- ]line option .* is valid for .* but not for C'
    Output line: 'cc1: warning: command-line option ‘-Wsuggest-override’ is valid for C++/ObjC++ but not for C'
Compilation failed:
    source file: '/home/thatchaoskid/Desktop/final_qub_project/build/CMakeFiles/CMakeTmp/src.c'
    check option: ' -fsigned-char -W -Wall -Wreturn-type -Waddress -Wsequence-point -Wformat -Wformat-security -Wmissing-declarations -Wmissing-prototypes -Wstrict-prototypes -Wundef -Winit-self -Wpointer-arith -Wshadow -Wuninitialized  -Wsuggest-override'
===== BUILD LOG =====
Change Dir: '/home/thatchaoskid/Desktop/final_qub_project/build/CMakeFiles/CMakeTmp'

Run Build Command(s): /usr/bin/cmake -E env VERBOSE=1 /usr/bin/gmake -f Makefile cmTC_25fcb/fast
/usr/bin/gmake  -f CMakeFiles/cmTC_25fcb.dir/build.make CMakeFiles/cmTC_25fcb.dir/build
gmake[1]: Entering directory '/home/thatchaoskid/Desktop/final_qub_project/build/CMakeFiles/CMakeTmp'
Building C object CMakeFiles/cmTC_25fcb.dir/src.c.o
/usr/bin/cc   -O3 -DNDEBUG -fPIE    -fsigned-char -W -Wall -Wreturn-type -Waddress -Wsequence-point -Wformat -Wformat-security -Wmissing-declarations -Wmissing-prototypes -Wstrict-prototypes -Wundef -Winit-self -Wpointer-arith -Wshadow -Wuninitialized  -Wsuggest-override -o CMakeFiles/cmTC_25fcb.dir/src.c.o -c /home/thatchaoskid/Desktop/final_qub_project/build/CMakeFiles/CMakeTmp/src.c
cc1: warning: command-line option ‘-Wsuggest-override’ is valid for C++/ObjC++ but not for C
/home/thatchaoskid/Desktop/final_qub_project/build/CMakeFiles/CMakeTmp/src.c:1: warning: ignoring ‘#pragma  ’ [-Wunknown-pragmas]
    1 | #pragma
      | 
Linking C executable cmTC_25fcb
/usr/bin/cmake -E cmake_link_script CMakeFiles/cmTC_25fcb.dir/link.txt --verbose=1
/usr/bin/cc -O3 -DNDEBUG CMakeFiles/cmTC_25fcb.dir/src.c.o -o cmTC_25fcb 
gmake[1]: Leaving directory '/home/thatchaoskid/Desktop/final_qub_project/build/CMakeFiles/CMakeTmp'


===== END =====

Build output check failed:
    Regex: 'command[- ]line option .* is valid for .* but not for C'
    Output line: 'cc1: warning: command-line option ‘-Wno-delete-non-virtual-dtor’ is valid for C++/ObjC++ but not for C'
Compilation failed:
    source file: '/home/thatchaoskid/Desktop/final_qub_project/build/CMakeFiles/CMakeTmp/src.c'
    check option: ' -fsigned-char -W -Wall -Wreturn-type -Waddress -Wsequence-point -Wformat -Wformat-security -Wmissing-declarations -Wmissing-prototypes -Wstrict-prototypes -Wundef -Winit-self -Wpointer-arith -Wshadow -Wuninitialized  -Wno-delete-non-virtual-dtor'
===== BUILD LOG =====
Change Dir: '/home/thatchaoskid/Desktop/final_qub_project/build/CMakeFiles/CMakeTmp'

Run Build Command(s): /usr/bin/cmake -E env VERBOSE=1 /usr/bin/gmake -f Makefile cmTC_76848/fast
/usr/bin/gmake  -f CMakeFiles/cmTC_76848.dir/build.make CMakeFiles/cmTC_76848.dir/build
gmake[1]: Entering directory '/home/thatchaoskid/Desktop/final_qub_project/build/CMakeFiles/CMakeTmp'
Building C object CMakeFiles/cmTC_76848.dir/src.c.o
/usr/bin/cc   -O3 -DNDEBUG -fPIE    -fsigned-char -W -Wall -Wreturn-type -Waddress -Wsequence-point -Wformat -Wformat-security -Wmissing-declarations -Wmissing-prototypes -Wstrict-prototypes -Wundef -Winit-self -Wpointer-arith -Wshadow -Wuninitialized  -Wno-delete-non-virtual-dtor -o CMakeFiles/cmTC_76848.dir/src.c.o -c /home/thatchaoskid/Desktop/final_qub_project/build/CMakeFiles/CMakeTmp/src.c
cc1: warning: command-line option ‘-Wno-delete-non-virtual-dtor’ is valid for C++/ObjC++ but not for C
/home/thatchaoskid/Desktop/final_qub_project/build/CMakeFiles/CMakeTmp/src.c:1: warning: ignoring ‘#pragma  ’ [-Wunknown-pragmas]
    1 | #pragma
      | 
Linking C executable cmTC_76848
/usr/bin/cmake -E cmake_link_script CMakeFiles/cmTC_76848.dir/link.txt --verbose=1
/usr/bin/cc -O3 -DNDEBUG CMakeFiles/cmTC_76848.dir/src.c.o -o cmTC_76848 
gmake[1]: Leaving directory '/home/thatchaoskid/Desktop/final_qub_project/build/CMakeFiles/CMakeTmp'


===== END =====

Build output check failed:
    Regex: 'unrecognized .*option'
    Output line: 'cc1plus: note: unrecognized command-line option ‘-Wno-unnamed-type-template-args’ may have been intended to silence earlier diagnostics'
Compilation failed:
    source file: '/home/thatchaoskid/Desktop/final_qub_project/build/CMakeFiles/CMakeTmp/src.cxx'
    check option: ' -fsigned-char -W -Wall -Wreturn-type -Wnon-virtual-dtor -Waddress -Wsequence-point -Wformat -Wformat-security -Wmissing-declarations -Wundef -Winit-self -Wpointer-arith -Wshadow -Wsign-promo -Wuninitialized -Wsuggest-override -Wno-delete-non-virtual-dtor  -Wno-unnamed-type-template-args'
===== BUILD LOG =====
Change Dir: '/home/thatchaoskid/Desktop/final_qub_project/build/CMakeFiles/CMakeTmp'

Run Build Command(s): /usr/bin/cmake -E env VERBOSE=1 /usr/bin/gmake -f Makefile cmTC_7b04a/fast
/usr/bin/gmake  -f CMakeFiles/cmTC_7b04a.dir/build.make CMakeFiles/cmTC_7b04a.dir/build
gmake[1]: Entering directory '/home/thatchaoskid/Desktop/final_qub_project/build/CMakeFiles/CMakeTmp'
Building CXX object CMakeFiles/cmTC_7b04a.dir/src.cxx.o
/usr/bin/c++   -O3 -DNDEBUG -std=c++11 -fPIE    -fsigned-char -W -Wall -Wreturn-type -Wnon-virtual-dtor -Waddress -Wsequence-point -Wformat -Wformat-security -Wmissing-declarations -Wundef -Winit-self -Wpointer-arith -Wshadow -Wsign-promo -Wuninitialized -Wsuggest-override -Wno-delete-non-virtual-dtor  -Wno-unnamed-type-template-args -o CMakeFiles/cmTC_7b04a.dir/src.cxx.o -c /home/thatchaoskid/Desktop/final_qub_project/build/CMakeFiles/CMakeTmp/src.cxx
/home/thatchaoskid/Desktop/final_qub_project/build/CMakeFiles/CMakeTmp/src.cxx:1: warning: ignoring ‘#pragma  ’ [-Wunknown-pragmas]
    1 | #pragma
      | 
cc1plus: note: unrecognized command-line option ‘-Wno-unnamed-type-template-args’ may have been intended to silence earlier diagnostics
Linking CXX executable cmTC_7b04a
/usr/bin/cmake -E cmake_link_script CMakeFiles/cmTC_7b04a.dir/link.txt --verbose=1
/usr/bin/c++ -O3 -DNDEBUG CMakeFiles/cmTC_7b04a.dir/src.cxx.o -o cmTC_7b04a 
gmake[1]: Leaving directory '/home/thatchaoskid/Desktop/final_qub_project/build/CMakeFiles/CMakeTmp'


===== END =====

Build output check failed:
    Regex: 'unrecognized .*option'
    Output line: 'cc1: note: unrecognized command-line option ‘-Wno-unnamed-type-template-args’ may have been intended to silence earlier diagnostics'
Compilation failed:
    source file: '/home/thatchaoskid/Desktop/final_qub_project/build/CMakeFiles/CMakeTmp/src.c'
    check option: ' -fsigned-char -W -Wall -Wreturn-type -Waddress -Wsequence-point -Wformat -Wformat-security -Wmissing-declarations -Wmissing-prototypes -Wstrict-prototypes -Wundef -Winit-self -Wpointer-arith -Wshadow -Wuninitialized  -Wno-unnamed-type-template-args'
===== BUILD LOG =====
Change Dir: '/home/thatchaoskid/Desktop/final_qub_project/build/CMakeFiles/CMakeTmp'

Run Build Command(s): /usr/bin/cmake -E env VERBOSE=1 /usr/bin/gmake -f Makefile cmTC_070f8/fast
/usr/bin/gmake  -f CMakeFiles/cmTC_070f8.dir/build.make CMakeFiles/cmTC_070f8.dir/build
gmake[1]: Entering directory '/home/thatchaoskid/Desktop/final_qub_project/build/CMakeFiles/CMakeTmp'
Building C object CMakeFiles/cmTC_070f8.dir/src.c.o
/usr/bin/cc   -O3 -DNDEBUG -fPIE    -fsigned-char -W -Wall -Wreturn-type -Waddress -Wsequence-point -Wformat -Wformat-security -Wmissing-declarations -Wmissing-prototypes -Wstrict-prototypes -Wundef -Winit-self -Wpointer-arith -Wshadow -Wuninitialized  -Wno-unnamed-type-template-args -o CMakeFiles/cmTC_070f8.dir/src.c.o -c /home/thatchaoskid/Desktop/final_qub_project/build/CMakeFiles/CMakeTmp/src.c
/home/thatchaoskid/Desktop/final_qub_project/build/CMakeFiles/CMakeTmp/src.c:1: warning: ignoring ‘#pragma  ’ [-Wunknown-pragmas]
    1 | #pragma
      | 
cc1: note: unrecognized command-line option ‘-Wno-unnamed-type-template-args’ may have been intended to silence earlier diagnostics
Linking C executable cmTC_070f8
/usr/bin/cmake -E cmake_link_script CMakeFiles/cmTC_070f8.dir/link.txt --verbose=1
/usr/bin/cc -O3 -DNDEBUG CMakeFiles/cmTC_070f8.dir/src.c.o -o cmTC_070f8 
gmake[1]: Leaving directory '/home/thatchaoskid/Desktop/final_qub_project/build/CMakeFiles/CMakeTmp'


===== END =====

Build output check failed:
    Regex: 'command[- ]line option .* is valid for .* but not for C'
    Output line: 'cc1: warning: command-line option ‘-fvisibility-inlines-hidden’ is valid for C++/ObjC++ but not for C'
Compilation failed:
    source file: '/home/thatchaoskid/Desktop/final_qub_project/build/CMakeFiles/CMakeTmp/src.c'
    check option: ' -fsigned-char -W -Wall -Wreturn-type -Waddress -Wsequence-point -Wformat -Wformat-security -Wmissing-declarations -Wmissing-prototypes -Wstrict-prototypes -Wundef -Winit-self -Wpointer-arith -Wshadow -Wuninitialized -Wno-comment -Wimplicit-fallthrough=3 -Wno-strict-overflow -fdiagnostics-show-option -pthread -fomit-frame-pointer -ffunction-sections -fdata-sections    -fvisibility=hidden  -fvisibility-inlines-hidden'
===== BUILD LOG =====
Change Dir: '/home/thatchaoskid/Desktop/final_qub_project/build/CMakeFiles/CMakeTmp'

Run Build Command(s): /usr/bin/cmake -E env VERBOSE=1 /usr/bin/gmake -f Makefile cmTC_84da1/fast
/usr/bin/gmake  -f CMakeFiles/cmTC_84da1.dir/build.make CMakeFiles/cmTC_84da1.dir/build
gmake[1]: Entering directory '/home/thatchaoskid/Desktop/final_qub_project/build/CMakeFiles/CMakeTmp'
Building C object CMakeFiles/cmTC_84da1.dir/src.c.o
/usr/bin/cc   -O3 -DNDEBUG -fPIE    -fsigned-char -W -Wall -Wreturn-type -Waddress -Wsequence-point -Wformat -Wformat-security -Wmissing-declarations -Wmissing-prototypes -Wstrict-prototypes -Wundef -Winit-self -Wpointer-arith -Wshadow -Wuninitialized -Wno-comment -Wimplicit-fallthrough=3 -Wno-strict-overflow -fdiagnostics-show-option -pthread -fomit-frame-pointer -ffunction-sections -fdata-sections    -fvisibility=hidden  -fvisibility-inlines-hidden -o CMakeFiles/cmTC_84da1.dir/src.c.o -c /home/thatchaoskid/Desktop/final_qub_project/build/CMakeFiles/CMakeTmp/src.c
cc1: warning: command-line option ‘-fvisibility-inlines-hidden’ is valid for C++/ObjC++ but not for C
/home/thatchaoskid/Desktop/final_qub_project/build/CMakeFiles/CMakeTmp/src.c:1: warning: ignoring ‘#pragma  ’ [-Wunknown-pragmas]
    1 | #pragma
      | 
Linking C executable cmTC_84da1
/usr/bin/cmake -E cmake_link_script CMakeFiles/cmTC_84da1.dir/link.txt --verbose=1
/usr/bin/cc -O3 -DNDEBUG CMakeFiles/cmTC_84da1.dir/src.c.o -o cmTC_84da1 
gmake[1]: Leaving directory '/home/thatchaoskid/Desktop/final_qub_project/build/CMakeFiles/CMakeTmp'


===== END =====

Build output check failed:
    Regex: 'unrecognized .*option'
    Output line: 'cc1: note: unrecognized command-line option ‘-Wno-implicit-const-int-float-conversion’ may have been intended to silence earlier diagnostics'
Compilation failed:
    source file: '/home/thatchaoskid/Desktop/final_qub_project/build/CMakeFiles/CMakeTmp/src.c'
    check option: ' -Wno-implicit-const-int-float-conversion'
===== BUILD LOG =====
Change Dir: '/home/thatchaoskid/Desktop/final_qub_project/build/CMakeFiles/CMakeTmp'

Run Build Command(s): /usr/bin/cmake -E env VERBOSE=1 /usr/bin/gmake -f Makefile cmTC_d31ac/fast
/usr/bin/gmake  -f CMakeFiles/cmTC_d31ac.dir/build.make CMakeFiles/cmTC_d31ac.dir/build
gmake[1]: Entering directory '/home/thatchaoskid/Desktop/final_qub_project/build/CMakeFiles/CMakeTmp'
Building C object CMakeFiles/cmTC_d31ac.dir/src.c.o
/usr/bin/cc   -fsigned-char -W -Wall -Wreturn-type -Waddress -Wsequence-point -Wformat -Wformat-security -Wmissing-declarations -Wmissing-prototypes -Wstrict-prototypes -Wundef -Winit-self -Wpointer-arith -Wshadow -Wuninitialized -Wno-comment -Wimplicit-fallthrough=3 -Wno-strict-overflow -fdiagnostics-show-option -pthread -fomit-frame-pointer -ffunction-sections -fdata-sections    -fvisibility=hidden  -O3 -DNDEBUG  -DNDEBUG -fPIE    -Wno-implicit-const-int-float-conversion -o CMakeFiles/cmTC_d31ac.dir/src.c.o -c /home/thatchaoskid/Desktop/final_qub_project/build/CMakeFiles/CMakeTmp/src.c
/home/thatchaoskid/Desktop/final_qub_project/build/CMakeFiles/CMakeTmp/src.c:1: warning: ignoring ‘#pragma  ’ [-Wunknown-pragmas]
    1 | #pragma
      | 
cc1: note: unrecognized command-line option ‘-Wno-implicit-const-int-float-conversion’ may have been intended to silence earlier diagnostics
Linking C executable cmTC_d31ac
/usr/bin/cmake -E cmake_link_script CMakeFiles/cmTC_d31ac.dir/link.txt --verbose=1
/usr/bin/cc    -fsigned-char -W -Wall -Wreturn-type -Waddress -Wsequence-point -Wformat -Wformat-security -Wmissing-declarations -Wmissing-prototypes -Wstrict-prototypes -Wundef -Winit-self -Wpointer-arith -Wshadow -Wuninitialized -Wno-comment -Wimplicit-fallthrough=3 -Wno-strict-overflow -fdiagnostics-show-option -pthread -fomit-frame-pointer -ffunction-sections -fdata-sections    -fvisibility=hidden  -O3 -DNDEBUG  -DNDEBUG   -Wl,--gc-sections -Wl,--as-needed -Wl,--no-undefined  CMakeFiles/cmTC_d31ac.dir/src.c.o -o cmTC_d31ac 
gmake[1]: Leaving directory '/home/thatchaoskid/Desktop/final_qub_project/build/CMakeFiles/CMakeTmp'


===== END =====

Build output check failed:
    Regex: 'unrecognized .*option'
    Output line: 'cc1: note: unrecognized command-line option ‘-Wno-documentation’ may have been intended to silence earlier diagnostics'
Compilation failed:
    source file: '/home/thatchaoskid/Desktop/final_qub_project/build/CMakeFiles/CMakeTmp/src.c'
    check option: ' -Wno-documentation'
===== BUILD LOG =====
Change Dir: '/home/thatchaoskid/Desktop/final_qub_project/build/CMakeFiles/CMakeTmp'

Run Build Command(s): /usr/bin/cmake -E env VERBOSE=1 /usr/bin/gmake -f Makefile cmTC_51f78/fast
/usr/bin/gmake  -f CMakeFiles/cmTC_51f78.dir/build.make CMakeFiles/cmTC_51f78.dir/build
gmake[1]: Entering directory '/home/thatchaoskid/Desktop/final_qub_project/build/CMakeFiles/CMakeTmp'
Building C object CMakeFiles/cmTC_51f78.dir/src.c.o
/usr/bin/cc   -fsigned-char -W -Wall -Wreturn-type -Waddress -Wsequence-point -Wformat -Wformat-security -Wstrict-prototypes -Wundef -Winit-self -Wpointer-arith -Wshadow -Wuninitialized -Wno-comment -Wimplicit-fallthrough=3 -Wno-strict-overflow -fdiagnostics-show-option -pthread -fomit-frame-pointer -ffunction-sections -fdata-sections    -fvisibility=hidden -Wno-unused-but-set-variable -Wno-missing-prototypes -Wno-missing-declarations  -O3 -DNDEBUG  -DNDEBUG -fPIE    -Wno-documentation -o CMakeFiles/cmTC_51f78.dir/src.c.o -c /home/thatchaoskid/Desktop/final_qub_project/build/CMakeFiles/CMakeTmp/src.c
/home/thatchaoskid/Desktop/final_qub_project/build/CMakeFiles/CMakeTmp/src.c:1: warning: ignoring ‘#pragma  ’ [-Wunknown-pragmas]
    1 | #pragma
      | 
cc1: note: unrecognized command-line option ‘-Wno-documentation’ may have been intended to silence earlier diagnostics
Linking C executable cmTC_51f78
/usr/bin/cmake -E cmake_link_script CMakeFiles/cmTC_51f78.dir/link.txt --verbose=1
/usr/bin/cc    -fsigned-char -W -Wall -Wreturn-type -Waddress -Wsequence-point -Wformat -Wformat-security -Wstrict-prototypes -Wundef -Winit-self -Wpointer-arith -Wshadow -Wuninitialized -Wno-comment -Wimplicit-fallthrough=3 -Wno-strict-overflow -fdiagnostics-show-option -pthread -fomit-frame-pointer -ffunction-sections -fdata-sections    -fvisibility=hidden -Wno-unused-but-set-variable -Wno-missing-prototypes -Wno-missing-declarations  -O3 -DNDEBUG  -DNDEBUG   -Wl,--gc-sections -Wl,--as-needed -Wl,--no-undefined  CMakeFiles/cmTC_51f78.dir/src.c.o -o cmTC_51f78 
gmake[1]: Leaving directory '/home/thatchaoskid/Desktop/final_qub_project/build/CMakeFiles/CMakeTmp'


===== END =====

Build output check failed:
    Regex: 'unrecognized .*option'
    Output line: 'cc1plus: note: unrecognized command-line option ‘-Wno-inconsistent-missing-override’ may have been intended to silence earlier diagnostics'
Compilation failed:
    source file: '/home/thatchaoskid/Desktop/final_qub_project/build/CMakeFiles/CMakeTmp/src.cxx'
    check option: ' -Wno-inconsistent-missing-override'
===== BUILD LOG =====
Change Dir: '/home/thatchaoskid/Desktop/final_qub_project/build/CMakeFiles/CMakeTmp'

Run Build Command(s): /usr/bin/cmake -E env VERBOSE=1 /usr/bin/gmake -f Makefile cmTC_bdad0/fast
/usr/bin/gmake  -f CMakeFiles/cmTC_bdad0.dir/build.make CMakeFiles/cmTC_bdad0.dir/build
gmake[1]: Entering directory '/home/thatchaoskid/Desktop/final_qub_project/build/CMakeFiles/CMakeTmp'
Building CXX object CMakeFiles/cmTC_bdad0.dir/src.cxx.o
/usr/bin/c++   -fsigned-char -W -Wall -Wreturn-type -Wnon-virtual-dtor -Waddress -Wsequence-point -Wformat -Wformat-security -Winit-self -Wpointer-arith -Wsign-promo -Wno-delete-non-virtual-dtor -Wno-comment -Wimplicit-fallthrough=3 -Wno-strict-overflow -fdiagnostics-show-option -pthread -fomit-frame-pointer -ffunction-sections -fdata-sections    -fvisibility=hidden -fvisibility-inlines-hidden -Wno-shadow -Wno-unused -Wno-sign-compare -Wno-undef -Wno-missing-declarations -Wno-uninitialized -Wno-switch -Wno-parentheses -Wno-array-bounds -Wno-extra -Wno-deprecated-declarations -Wno-misleading-indentation -Wno-deprecated -Wno-suggest-override  -O3 -DNDEBUG  -DNDEBUG -std=c++11 -fPIE    -Wno-inconsistent-missing-override -o CMakeFiles/cmTC_bdad0.dir/src.cxx.o -c /home/thatchaoskid/Desktop/final_qub_project/build/CMakeFiles/CMakeTmp/src.cxx
/home/thatchaoskid/Desktop/final_qub_project/build/CMakeFiles/CMakeTmp/src.cxx:1: warning: ignoring ‘#pragma  ’ [-Wunknown-pragmas]
    1 | #pragma
      | 
cc1plus: note: unrecognized command-line option ‘-Wno-inconsistent-missing-override’ may have been intended to silence earlier diagnostics
Linking CXX executable cmTC_bdad0
/usr/bin/cmake -E cmake_link_script CMakeFiles/cmTC_bdad0.dir/link.txt --verbose=1
/usr/bin/c++    -fsigned-char -W -Wall -Wreturn-type -Wnon-virtual-dtor -Waddress -Wsequence-point -Wformat -Wformat-security -Winit-self -Wpointer-arith -Wsign-promo -Wno-delete-non-virtual-dtor -Wno-comment -Wimplicit-fallthrough=3 -Wno-strict-overflow -fdiagnostics-show-option -pthread -fomit-frame-pointer -ffunction-sections -fdata-sections    -fvisibility=hidden -fvisibility-inlines-hidden -Wno-shadow -Wno-unused -Wno-sign-compare -Wno-undef -Wno-missing-declarations -Wno-uninitialized -Wno-switch -Wno-parentheses -Wno-array-bounds -Wno-extra -Wno-deprecated-declarations -Wno-misleading-indentation -Wno-deprecated -Wno-suggest-override  -O3 -DNDEBUG  -DNDEBUG   -Wl,--gc-sections -Wl,--as-needed -Wl,--no-undefined  CMakeFiles/cmTC_bdad0.dir/src.cxx.o -o cmTC_bdad0 
gmake[1]: Leaving directory '/home/thatchaoskid/Desktop/final_qub_project/build/CMakeFiles/CMakeTmp'


===== END =====

Build output check failed:
    Regex: 'command[- ]line option .* is valid for .* but not for C\+\+'
    Output line: 'cc1plus: warning: command-line option ‘-Wno-missing-prototypes’ is valid for C/ObjC but not for C++'
Compilation failed:
    source file: '/home/thatchaoskid/Desktop/final_qub_project/build/CMakeFiles/CMakeTmp/src.cxx'
    check option: ' -Wno-missing-prototypes'
===== BUILD LOG =====
Change Dir: '/home/thatchaoskid/Desktop/final_qub_project/build/CMakeFiles/CMakeTmp'

Run Build Command(s): /usr/bin/cmake -E env VERBOSE=1 /usr/bin/gmake -f Makefile cmTC_26e93/fast
/usr/bin/gmake  -f CMakeFiles/cmTC_26e93.dir/build.make CMakeFiles/cmTC_26e93.dir/build
gmake[1]: Entering directory '/home/thatchaoskid/Desktop/final_qub_project/build/CMakeFiles/CMakeTmp'
Building CXX object CMakeFiles/cmTC_26e93.dir/src.cxx.o
/usr/bin/c++   -fsigned-char -W -Wall -Wreturn-type -Wnon-virtual-dtor -Waddress -Wsequence-point -Wformat -Wformat-security -Winit-self -Wpointer-arith -Wsign-promo -Wno-delete-non-virtual-dtor -Wno-comment -Wno-strict-overflow -fdiagnostics-show-option -pthread -fomit-frame-pointer -ffunction-sections -fdata-sections    -fvisibility=hidden -fvisibility-inlines-hidden -Wno-shadow -Wno-unused -Wno-sign-compare -Wno-undef -Wno-missing-declarations -Wno-uninitialized -Wno-switch -Wno-parentheses -Wno-array-bounds -Wno-extra -Wno-deprecated-declarations -Wno-misleading-indentation -Wno-deprecated -Wno-suggest-override -Wno-implicit-fallthrough -Wno-tautological-compare  -O3 -DNDEBUG  -DNDEBUG -std=c++11 -fPIE    -Wno-missing-prototypes -o CMakeFiles/cmTC_26e93.dir/src.cxx.o -c /home/thatchaoskid/Desktop/final_qub_project/build/CMakeFiles/CMakeTmp/src.cxx
cc1plus: warning: command-line option ‘-Wno-missing-prototypes’ is valid for C/ObjC but not for C++
/home/thatchaoskid/Desktop/final_qub_project/build/CMakeFiles/CMakeTmp/src.cxx:1: warning: ignoring ‘#pragma  ’ [-Wunknown-pragmas]
    1 | #pragma
      | 
Linking CXX executable cmTC_26e93
/usr/bin/cmake -E cmake_link_script CMakeFiles/cmTC_26e93.dir/link.txt --verbose=1
/usr/bin/c++    -fsigned-char -W -Wall -Wreturn-type -Wnon-virtual-dtor -Waddress -Wsequence-point -Wformat -Wformat-security -Winit-self -Wpointer-arith -Wsign-promo -Wno-delete-non-virtual-dtor -Wno-comment -Wno-strict-overflow -fdiagnostics-show-option -pthread -fomit-frame-pointer -ffunction-sections -fdata-sections    -fvisibility=hidden -fvisibility-inlines-hidden -Wno-shadow -Wno-unused -Wno-sign-compare -Wno-undef -Wno-missing-declarations -Wno-uninitialized -Wno-switch -Wno-parentheses -Wno-array-bounds -Wno-extra -Wno-deprecated-declarations -Wno-misleading-indentation -Wno-deprecated -Wno-suggest-override -Wno-implicit-fallthrough -Wno-tautological-compare  -O3 -DNDEBUG  -DNDEBUG   -Wl,--gc-sections -Wl,--as-needed -Wl,--no-undefined  CMakeFiles/cmTC_26e93.dir/src.cxx.o -o cmTC_26e93 
gmake[1]: Leaving directory '/home/thatchaoskid/Desktop/final_qub_project/build/CMakeFiles/CMakeTmp'


===== END =====

Build output check failed:
    Regex: 'unrecognized .*option'
    Output line: 'cc1plus: note: unrecognized command-line option ‘-Wno-implicit-const-int-float-conversion’ may have been intended to silence earlier diagnostics'
Compilation failed:
    source file: '/home/thatchaoskid/Desktop/final_qub_project/build/CMakeFiles/CMakeTmp/src.cxx'
    check option: ' -Wno-implicit-const-int-float-conversion'
===== BUILD LOG =====
Change Dir: '/home/thatchaoskid/Desktop/final_qub_project/build/CMakeFiles/CMakeTmp'

Run Build Command(s): /usr/bin/cmake -E env VERBOSE=1 /usr/bin/gmake -f Makefile cmTC_f6368/fast
/usr/bin/gmake  -f CMakeFiles/cmTC_f6368.dir/build.make CMakeFiles/cmTC_f6368.dir/build
gmake[1]: Entering directory '/home/thatchaoskid/Desktop/final_qub_project/build/CMakeFiles/CMakeTmp'
Building CXX object CMakeFiles/cmTC_f6368.dir/src.cxx.o
/usr/bin/c++   -fsigned-char -W -Wall -Wreturn-type -Wnon-virtual-dtor -Waddress -Wsequence-point -Wformat -Wformat-security -Winit-self -Wpointer-arith -Wsign-promo -Wno-delete-non-virtual-dtor -Wno-comment -Wno-strict-overflow -fdiagnostics-show-option -pthread -fomit-frame-pointer -ffunction-sections -fdata-sections    -fvisibility=hidden -fvisibility-inlines-hidden -Wno-shadow -Wno-unused -Wno-sign-compare -Wno-undef -Wno-missing-declarations -Wno-uninitialized -Wno-switch -Wno-parentheses -Wno-array-bounds -Wno-extra -Wno-deprecated-declarations -Wno-misleading-indentation -Wno-deprecated -Wno-suggest-override -Wno-implicit-fallthrough -Wno-tautological-compare -Wno-reorder -Wno-unused-result  -O3 -DNDEBUG  -DNDEBUG -std=c++11 -fPIE    -Wno-implicit-const-int-float-conversion -o CMakeFiles/cmTC_f6368.dir/src.cxx.o -c /home/thatchaoskid/Desktop/final_qub_project/build/CMakeFiles/CMakeTmp/src.cxx
/home/thatchaoskid/Desktop/final_qub_project/build/CMakeFiles/CMakeTmp/src.cxx:1: warning: ignoring ‘#pragma  ’ [-Wunknown-pragmas]
    1 | #pragma
      | 
cc1plus: note: unrecognized command-line option ‘-Wno-implicit-const-int-float-conversion’ may have been intended to silence earlier diagnostics
Linking CXX executable cmTC_f6368
/usr/bin/cmake -E cmake_link_script CMakeFiles/cmTC_f6368.dir/link.txt --verbose=1
/usr/bin/c++    -fsigned-char -W -Wall -Wreturn-type -Wnon-virtual-dtor -Waddress -Wsequence-point -Wformat -Wformat-security -Winit-self -Wpointer-arith -Wsign-promo -Wno-delete-non-virtual-dtor -Wno-comment -Wno-strict-overflow -fdiagnostics-show-option -pthread -fomit-frame-pointer -ffunction-sections -fdata-sections    -fvisibility=hidden -fvisibility-inlines-hidden -Wno-shadow -Wno-unused -Wno-sign-compare -Wno-undef -Wno-missing-declarations -Wno-uninitialized -Wno-switch -Wno-parentheses -Wno-array-bounds -Wno-extra -Wno-deprecated-declarations -Wno-misleading-indentation -Wno-deprecated -Wno-suggest-override -Wno-implicit-fallthrough -Wno-tautological-compare -Wno-reorder -Wno-unused-result  -O3 -DNDEBUG  -DNDEBUG   -Wl,--gc-sections -Wl,--as-needed -Wl,--no-undefined  CMakeFiles/cmTC_f6368.dir/src.cxx.o -o cmTC_f6368 
gmake[1]: Leaving directory '/home/thatchaoskid/Desktop/final_qub_project/build/CMakeFiles/CMakeTmp'


===== END =====

Build output check failed:
    Regex: 'unrecognized .*option'
    Output line: 'cc1plus: note: unrecognized command-line option ‘-Wno-tautological-undefined-compare’ may have been intended to silence earlier diagnostics'
Compilation failed:
    source file: '/home/thatchaoskid/Desktop/final_qub_project/build/CMakeFiles/CMakeTmp/src.cxx'
    check option: ' -Wno-tautological-undefined-compare'
===== BUILD LOG =====
Change Dir: '/home/thatchaoskid/Desktop/final_qub_project/build/CMakeFiles/CMakeTmp'

Run Build Command(s): /usr/bin/cmake -E env VERBOSE=1 /usr/bin/gmake -f Makefile cmTC_e801a/fast
/usr/bin/gmake  -f CMakeFiles/cmTC_e801a.dir/build.make CMakeFiles/cmTC_e801a.dir/build
gmake[1]: Entering directory '/home/thatchaoskid/Desktop/final_qub_project/build/CMakeFiles/CMakeTmp'
Building CXX object CMakeFiles/cmTC_e801a.dir/src.cxx.o
/usr/bin/c++   -fsigned-char -W -Wall -Wreturn-type -Wnon-virtual-dtor -Waddress -Wsequence-point -Wformat -Wformat-security -Winit-self -Wpointer-arith -Wuninitialized -Wsuggest-override -Wno-delete-non-virtual-dtor -Wno-comment -Wimplicit-fallthrough=3 -Wno-strict-overflow -fdiagnostics-show-option -pthread -fomit-frame-pointer -ffunction-sections -fdata-sections    -fvisibility=hidden -fvisibility-inlines-hidden -Wno-deprecated -Wno-missing-declarations -Wno-shadow -Wno-unused-parameter -Wno-unused-local-typedefs -Wno-sign-compare -Wno-sign-promo -Wno-undef  -O3 -DNDEBUG  -DNDEBUG -std=c++11 -fPIE    -Wno-tautological-undefined-compare -o CMakeFiles/cmTC_e801a.dir/src.cxx.o -c /home/thatchaoskid/Desktop/final_qub_project/build/CMakeFiles/CMakeTmp/src.cxx
/home/thatchaoskid/Desktop/final_qub_project/build/CMakeFiles/CMakeTmp/src.cxx:1: warning: ignoring ‘#pragma  ’ [-Wunknown-pragmas]
    1 | #pragma
      | 
cc1plus: note: unrecognized command-line option ‘-Wno-tautological-undefined-compare’ may have been intended to silence earlier diagnostics
Linking CXX executable cmTC_e801a
/usr/bin/cmake -E cmake_link_script CMakeFiles/cmTC_e801a.dir/link.txt --verbose=1
/usr/bin/c++    -fsigned-char -W -Wall -Wreturn-type -Wnon-virtual-dtor -Waddress -Wsequence-point -Wformat -Wformat-security -Winit-self -Wpointer-arith -Wuninitialized -Wsuggest-override -Wno-delete-non-virtual-dtor -Wno-comment -Wimplicit-fallthrough=3 -Wno-strict-overflow -fdiagnostics-show-option -pthread -fomit-frame-pointer -ffunction-sections -fdata-sections    -fvisibility=hidden -fvisibility-inlines-hidden -Wno-deprecated -Wno-missing-declarations -Wno-shadow -Wno-unused-parameter -Wno-unused-local-typedefs -Wno-sign-compare -Wno-sign-promo -Wno-undef  -O3 -DNDEBUG  -DNDEBUG   -Wl,--gc-sections -Wl,--as-needed -Wl,--no-undefined  CMakeFiles/cmTC_e801a.dir/src.cxx.o -o cmTC_e801a 
gmake[1]: Leaving directory '/home/thatchaoskid/Desktop/final_qub_project/build/CMakeFiles/CMakeTmp'


===== END =====

Build output check failed:
    Regex: 'unrecognized .*option'
    Output line: 'cc1plus: note: unrecognized command-line option ‘-Wno-shorten-64-to-32’ may have been intended to silence earlier diagnostics'
Compilation failed:
    source file: '/home/thatchaoskid/Desktop/final_qub_project/build/CMakeFiles/CMakeTmp/src.cxx'
    check option: ' -Wno-shorten-64-to-32'
===== BUILD LOG =====
Change Dir: '/home/thatchaoskid/Desktop/final_qub_project/build/CMakeFiles/CMakeTmp'

Run Build Command(s): /usr/bin/cmake -E env VERBOSE=1 /usr/bin/gmake -f Makefile cmTC_45fd5/fast
/usr/bin/gmake  -f CMakeFiles/cmTC_45fd5.dir/build.make CMakeFiles/cmTC_45fd5.dir/build
gmake[1]: Entering directory '/home/thatchaoskid/Desktop/final_qub_project/build/CMakeFiles/CMakeTmp'
Building CXX object CMakeFiles/cmTC_45fd5.dir/src.cxx.o
/usr/bin/c++   -fsigned-char -W -Wall -Wreturn-type -Wnon-virtual-dtor -Waddress -Wsequence-point -Wformat -Wformat-security -Winit-self -Wpointer-arith -Wuninitialized -Wsuggest-override -Wno-delete-non-virtual-dtor -Wno-comment -Wimplicit-fallthrough=3 -Wno-strict-overflow -fdiagnostics-show-option -pthread -fomit-frame-pointer -ffunction-sections -fdata-sections    -fvisibility=hidden -fvisibility-inlines-hidden -Wno-deprecated -Wno-missing-declarations -Wno-shadow -Wno-unused-parameter -Wno-unused-local-typedefs -Wno-sign-compare -Wno-sign-promo -Wno-undef -Wno-ignored-qualifiers -Wno-extra -Wno-unused-function -Wno-unused-const-variable  -O3 -DNDEBUG  -DNDEBUG -std=c++11 -fPIE    -Wno-shorten-64-to-32 -o CMakeFiles/cmTC_45fd5.dir/src.cxx.o -c /home/thatchaoskid/Desktop/final_qub_project/build/CMakeFiles/CMakeTmp/src.cxx
/home/thatchaoskid/Desktop/final_qub_project/build/CMakeFiles/CMakeTmp/src.cxx:1: warning: ignoring ‘#pragma  ’ [-Wunknown-pragmas]
    1 | #pragma
      | 
cc1plus: note: unrecognized command-line option ‘-Wno-shorten-64-to-32’ may have been intended to silence earlier diagnostics
Linking CXX executable cmTC_45fd5
/usr/bin/cmake -E cmake_link_script CMakeFiles/cmTC_45fd5.dir/link.txt --verbose=1
/usr/bin/c++    -fsigned-char -W -Wall -Wreturn-type -Wnon-virtual-dtor -Waddress -Wsequence-point -Wformat -Wformat-security -Winit-self -Wpointer-arith -Wuninitialized -Wsuggest-override -Wno-delete-non-virtual-dtor -Wno-comment -Wimplicit-fallthrough=3 -Wno-strict-overflow -fdiagnostics-show-option -pthread -fomit-frame-pointer -ffunction-sections -fdata-sections    -fvisibility=hidden -fvisibility-inlines-hidden -Wno-deprecated -Wno-missing-declarations -Wno-shadow -Wno-unused-parameter -Wno-unused-local-typedefs -Wno-sign-compare -Wno-sign-promo -Wno-undef -Wno-ignored-qualifiers -Wno-extra -Wno-unused-function -Wno-unused-const-variable  -O3 -DNDEBUG  -DNDEBUG   -Wl,--gc-sections -Wl,--as-needed -Wl,--no-undefined  CMakeFiles/cmTC_45fd5.dir/src.cxx.o -o cmTC_45fd5 
gmake[1]: Leaving directory '/home/thatchaoskid/Desktop/final_qub_project/build/CMakeFiles/CMakeTmp'


===== END =====

Build output check failed:
    Regex: 'unrecognized .*option'
    Output line: 'cc1plus: note: unrecognized command-line option ‘-Wno-enum-compare-switch’ may have been intended to silence earlier diagnostics'
Compilation failed:
    source file: '/home/thatchaoskid/Desktop/final_qub_project/build/CMakeFiles/CMakeTmp/src.cxx'
    check option: ' -Wno-enum-compare-switch'
===== BUILD LOG =====
Change Dir: '/home/thatchaoskid/Desktop/final_qub_project/build/CMakeFiles/CMakeTmp'

Run Build Command(s): /usr/bin/cmake -E env VERBOSE=1 /usr/bin/gmake -f Makefile cmTC_28315/fast
/usr/bin/gmake  -f CMakeFiles/cmTC_28315.dir/build.make CMakeFiles/cmTC_28315.dir/build
gmake[1]: Entering directory '/home/thatchaoskid/Desktop/final_qub_project/build/CMakeFiles/CMakeTmp'
Building CXX object CMakeFiles/cmTC_28315.dir/src.cxx.o
/usr/bin/c++   -fsigned-char -W -Wall -Wreturn-type -Wnon-virtual-dtor -Waddress -Wsequence-point -Wformat -Wformat-security -Winit-self -Wpointer-arith -Wuninitialized -Wsuggest-override -Wno-delete-non-virtual-dtor -Wno-comment -Wimplicit-fallthrough=3 -Wno-strict-overflow -fdiagnostics-show-option -pthread -fomit-frame-pointer -ffunction-sections -fdata-sections    -fvisibility=hidden -fvisibility-inlines-hidden -Wno-deprecated -Wno-missing-declarations -Wno-shadow -Wno-unused-parameter -Wno-unused-local-typedefs -Wno-sign-compare -Wno-sign-promo -Wno-undef -Wno-ignored-qualifiers -Wno-extra -Wno-unused-function -Wno-unused-const-variable -Wno-invalid-offsetof  -O3 -DNDEBUG  -DNDEBUG -std=c++11 -fPIE    -Wno-enum-compare-switch -o CMakeFiles/cmTC_28315.dir/src.cxx.o -c /home/thatchaoskid/Desktop/final_qub_project/build/CMakeFiles/CMakeTmp/src.cxx
/home/thatchaoskid/Desktop/final_qub_project/build/CMakeFiles/CMakeTmp/src.cxx:1: warning: ignoring ‘#pragma  ’ [-Wunknown-pragmas]
    1 | #pragma
      | 
cc1plus: note: unrecognized command-line option ‘-Wno-enum-compare-switch’ may have been intended to silence earlier diagnostics
Linking CXX executable cmTC_28315
/usr/bin/cmake -E cmake_link_script CMakeFiles/cmTC_28315.dir/link.txt --verbose=1
/usr/bin/c++    -fsigned-char -W -Wall -Wreturn-type -Wnon-virtual-dtor -Waddress -Wsequence-point -Wformat -Wformat-security -Winit-self -Wpointer-arith -Wuninitialized -Wsuggest-override -Wno-delete-non-virtual-dtor -Wno-comment -Wimplicit-fallthrough=3 -Wno-strict-overflow -fdiagnostics-show-option -pthread -fomit-frame-pointer -ffunction-sections -fdata-sections    -fvisibility=hidden -fvisibility-inlines-hidden -Wno-deprecated -Wno-missing-declarations -Wno-shadow -Wno-unused-parameter -Wno-unused-local-typedefs -Wno-sign-compare -Wno-sign-promo -Wno-undef -Wno-ignored-qualifiers -Wno-extra -Wno-unused-function -Wno-unused-const-variable -Wno-invalid-offsetof  -O3 -DNDEBUG  -DNDEBUG   -Wl,--gc-sections -Wl,--as-needed -Wl,--no-undefined  CMakeFiles/cmTC_28315.dir/src.cxx.o -o cmTC_28315 
gmake[1]: Leaving directory '/home/thatchaoskid/Desktop/final_qub_project/build/CMakeFiles/CMakeTmp'


===== END =====

Build output check failed:
    Regex: 'unrecognized .*option'
    Output line: 'cc1plus: note: unrecognized command-line option ‘-Wno-comma’ may have been intended to silence earlier diagnostics'
Compilation failed:
    source file: '/home/thatchaoskid/Desktop/final_qub_project/build/CMakeFiles/CMakeTmp/src.cxx'
    check option: ' -Wno-comma'
===== BUILD LOG =====
Change Dir: '/home/thatchaoskid/Desktop/final_qub_project/build/CMakeFiles/CMakeTmp'

Run Build Command(s): /usr/bin/cmake -E env VERBOSE=1 /usr/bin/gmake -f Makefile cmTC_af55f/fast
/usr/bin/gmake  -f CMakeFiles/cmTC_af55f.dir/build.make CMakeFiles/cmTC_af55f.dir/build
gmake[1]: Entering directory '/home/thatchaoskid/Desktop/final_qub_project/build/CMakeFiles/CMakeTmp'
Building CXX object CMakeFiles/cmTC_af55f.dir/src.cxx.o
/usr/bin/c++   -fsigned-char -W -Wall -Wreturn-type -Wnon-virtual-dtor -Waddress -Wsequence-point -Wformat -Wformat-security -Winit-self -Wpointer-arith -Wuninitialized -Wno-delete-non-virtual-dtor -Wno-comment -Wno-strict-overflow -fdiagnostics-show-option -pthread -fomit-frame-pointer -ffunction-sections -fdata-sections    -fvisibility=hidden -fvisibility-inlines-hidden -Wno-deprecated -Wno-missing-declarations -Wno-shadow -Wno-unused-parameter -Wno-unused-local-typedefs -Wno-sign-compare -Wno-sign-promo -Wno-undef -Wno-ignored-qualifiers -Wno-extra -Wno-unused-function -Wno-unused-const-variable -Wno-invalid-offsetof -Wno-suggest-override -Wno-implicit-fallthrough -Wno-array-bounds -Wno-stringop-overflow -Wno-stringop-overread -Wno-extra-semi  -O3 -DNDEBUG  -DNDEBUG -std=c++11 -fPIE    -Wno-comma -o CMakeFiles/cmTC_af55f.dir/src.cxx.o -c /home/thatchaoskid/Desktop/final_qub_project/build/CMakeFiles/CMakeTmp/src.cxx
/home/thatchaoskid/Desktop/final_qub_project/build/CMakeFiles/CMakeTmp/src.cxx:1: warning: ignoring ‘#pragma  ’ [-Wunknown-pragmas]
    1 | #pragma
      | 
cc1plus: note: unrecognized command-line option ‘-Wno-comma’ may have been intended to silence earlier diagnostics
Linking CXX executable cmTC_af55f
/usr/bin/cmake -E cmake_link_script CMakeFiles/cmTC_af55f.dir/link.txt --verbose=1
/usr/bin/c++    -fsigned-char -W -Wall -Wreturn-type -Wnon-virtual-dtor -Waddress -Wsequence-point -Wformat -Wformat-security -Winit-self -Wpointer-arith -Wuninitialized -Wno-delete-non-virtual-dtor -Wno-comment -Wno-strict-overflow -fdiagnostics-show-option -pthread -fomit-frame-pointer -ffunction-sections -fdata-sections    -fvisibility=hidden -fvisibility-inlines-hidden -Wno-deprecated -Wno-missing-declarations -Wno-shadow -Wno-unused-parameter -Wno-unused-local-typedefs -Wno-sign-compare -Wno-sign-promo -Wno-undef -Wno-ignored-qualifiers -Wno-extra -Wno-unused-function -Wno-unused-const-variable -Wno-invalid-offsetof -Wno-suggest-override -Wno-implicit-fallthrough -Wno-array-bounds -Wno-stringop-overflow -Wno-stringop-overread -Wno-extra-semi  -O3 -DNDEBUG  -DNDEBUG   -Wl,--gc-sections -Wl,--as-needed -Wl,--no-undefined  CMakeFiles/cmTC_af55f.dir/src.cxx.o -o cmTC_af55f 
gmake[1]: Leaving directory '/home/thatchaoskid/Desktop/final_qub_project/build/CMakeFiles/CMakeTmp'


===== END =====

Build output check failed:
    Regex: 'unrecognized .*option'
    Output line: 'cc1plus: note: unrecognized command-line option ‘-Wno-unused-private-field’ may have been intended to silence earlier diagnostics'
Compilation failed:
    source file: '/home/thatchaoskid/Desktop/final_qub_project/build/CMakeFiles/CMakeTmp/src.cxx'
    check option: ' -Wno-unused-private-field'
===== BUILD LOG =====
Change Dir: '/home/thatchaoskid/Desktop/final_qub_project/build/CMakeFiles/CMakeTmp'

Run Build Command(s): /usr/bin/cmake -E env VERBOSE=1 /usr/bin/gmake -f Makefile cmTC_68509/fast
/usr/bin/gmake  -f CMakeFiles/cmTC_68509.dir/build.make CMakeFiles/cmTC_68509.dir/build
gmake[1]: Entering directory '/home/thatchaoskid/Desktop/final_qub_project/build/CMakeFiles/CMakeTmp'
Building CXX object CMakeFiles/cmTC_68509.dir/src.cxx.o
/usr/bin/c++   -fsigned-char -W -Wall -Wreturn-type -Wnon-virtual-dtor -Waddress -Wsequence-point -Wformat -Wformat-security -Wmissing-declarations -Wundef -Winit-self -Wpointer-arith -Wshadow -Wsign-promo -Wuninitialized -Wsuggest-override -Wno-delete-non-virtual-dtor -Wno-comment -Wimplicit-fallthrough=3 -Wno-strict-overflow -fdiagnostics-show-option -pthread -fomit-frame-pointer -ffunction-sections -fdata-sections    -fvisibility=hidden -fvisibility-inlines-hidden -Wno-unused-function -Wno-deprecated-declarations -Wno-overloaded-virtual  -O3 -DNDEBUG  -DNDEBUG -std=c++11 -fPIE    -Wno-unused-private-field -o CMakeFiles/cmTC_68509.dir/src.cxx.o -c /home/thatchaoskid/Desktop/final_qub_project/build/CMakeFiles/CMakeTmp/src.cxx
/home/thatchaoskid/Desktop/final_qub_project/build/CMakeFiles/CMakeTmp/src.cxx:1: warning: ignoring ‘#pragma  ’ [-Wunknown-pragmas]
    1 | #pragma
      | 
cc1plus: note: unrecognized command-line option ‘-Wno-unused-private-field’ may have been intended to silence earlier diagnostics
Linking CXX executable cmTC_68509
/usr/bin/cmake -E cmake_link_script CMakeFiles/cmTC_68509.dir/link.txt --verbose=1
/usr/bin/c++    -fsigned-char -W -Wall -Wreturn-type -Wnon-virtual-dtor -Waddress -Wsequence-point -Wformat -Wformat-security -Wmissing-declarations -Wundef -Winit-self -Wpointer-arith -Wshadow -Wsign-promo -Wuninitialized -Wsuggest-override -Wno-delete-non-virtual-dtor -Wno-comment -Wimplicit-fallthrough=3 -Wno-strict-overflow -fdiagnostics-show-option -pthread -fomit-frame-pointer -ffunction-sections -fdata-sections    -fvisibility=hidden -fvisibility-inlines-hidden -Wno-unused-function -Wno-deprecated-declarations -Wno-overloaded-virtual  -O3 -DNDEBUG  -DNDEBUG   -Wl,--gc-sections -Wl,--as-needed -Wl,--no-undefined  CMakeFiles/cmTC_68509.dir/src.cxx.o -o cmTC_68509 
gmake[1]: Leaving directory '/home/thatchaoskid/Desktop/final_qub_project/build/CMakeFiles/CMakeTmp'


===== END =====

